Removed Pin From Net: NetName=NetC33_1 Pin=U7-1
Removed Pin From Net: NetName=NetC33_1 Pin=U7-2
Removed Pin From Net: NetName=9 Pin=U7-3
Removed Pin From Net: NetName=+5 Pin=U7-4
Removed Pin From Net: NetName=NetC34_2 Pin=U7-5
Removed Pin From Net: NetName=A2 Pin=U7-6
Removed Pin From Net: NetName=A1 Pin=U7-8
Removed Pin From Net: NetName=A2 Pin=U7-10
Removed Pin From Net: NetName=GND Pin=U7-11
Removed Pin From Net: NetName=A0 Pin=U7-13
Removed Pin From Net: NetName=A0 Pin=U7-14
Removed Member From Class: ClassName=U_DC-DC Converter Member=Q3
Removed Member From Class: ClassName=U_DC-DC Converter Member=R13
Removed Member From Class: ClassName=U_DC-DC Converter Member=R16
Removed Member From Class: ClassName=U_Current Regulator Member=U7
Change Component Designator: OldDesignator=C1 NewDesignator=C8
Change Component Designator: OldDesignator=C2 NewDesignator=C9
Change Component Designator: OldDesignator=C3 NewDesignator=C10
Change Component Designator: OldDesignator=C4 NewDesignator=C11
Change Component Designator: OldDesignator=C5 NewDesignator=C1
Change Component Designator: OldDesignator=C6 NewDesignator=C2
Change Component Designator: OldDesignator=C7 NewDesignator=C3
Change Component Designator: OldDesignator=C8 NewDesignator=C14
Change Component Designator: OldDesignator=C9 NewDesignator=C15
Change Component Designator: OldDesignator=C10 NewDesignator=C4
Change Component Designator: OldDesignator=C11 NewDesignator=C16
Change Component Designator: OldDesignator=C12 NewDesignator=C17
Change Component Designator: OldDesignator=C13 NewDesignator=C18
Change Component Designator: OldDesignator=C14 NewDesignator=C5
Change Component Designator: OldDesignator=C15 NewDesignator=C12
Change Component Designator: OldDesignator=C16 NewDesignator=C6
Change Component Designator: OldDesignator=C17 NewDesignator=C7
Change Component Designator: OldDesignator=C18 NewDesignator=C13
Change Component Designator: OldDesignator=C33 NewDesignator=C34
Change Component Designator: OldDesignator=C34 NewDesignator=C35
Change Component Designator: OldDesignator=C35 NewDesignator=C36
Change Component Designator: OldDesignator=C36 NewDesignator=C37
Change Component Designator: OldDesignator=C37 NewDesignator=C33
Change Component Designator: OldDesignator=D4 NewDesignator=D8
Change Component Designator: OldDesignator=P2 NewDesignator=P3
Change Component Designator: OldDesignator=P3 NewDesignator=P4
Change Component Designator: OldDesignator=P4 NewDesignator=P2
Change Component Designator: OldDesignator=Q2 NewDesignator=Q4
Change Component Designator: OldDesignator=Q3 NewDesignator=Q2
Change Component Designator: OldDesignator=Q4 NewDesignator=Q5
Change Component Designator: OldDesignator=Q5 NewDesignator=Q3
Change Component Designator: OldDesignator=R1 NewDesignator=R2
Change Component Designator: OldDesignator=R2 NewDesignator=R4
Change Component Designator: OldDesignator=R4 NewDesignator=R5
Change Component Designator: OldDesignator=R5 NewDesignator=R11
Change Component Designator: OldDesignator=R6 NewDesignator=R15
Change Component Designator: OldDesignator=R7 NewDesignator=R14
Change Component Designator: OldDesignator=R8 NewDesignator=R18
Change Component Designator: OldDesignator=R9 NewDesignator=R7
Change Component Designator: OldDesignator=R11 NewDesignator=R9
Change Component Designator: OldDesignator=R12 NewDesignator=R9
Change Component Designator: OldDesignator=R13 NewDesignator=R8
Change Component Designator: OldDesignator=R14 NewDesignator=R1
Change Component Designator: OldDesignator=R15 NewDesignator=R6
Change Component Designator: OldDesignator=R16 NewDesignator=R12
Change Component Designator: OldDesignator=R17 NewDesignator=R13
Change Component Designator: OldDesignator=R18 NewDesignator=R16
Change Component Designator: OldDesignator=R19 NewDesignator=R17
Change Component Designator: OldDesignator=R20 NewDesignator=R19
Change Component Designator: OldDesignator=R21 NewDesignator=R20
Change Component Designator: OldDesignator=R22 NewDesignator=R21
Change Component Designator: OldDesignator=R23 NewDesignator=R22
Change Component Designator: OldDesignator=R24 NewDesignator=R23
Change Component Designator: OldDesignator=R25 NewDesignator=R24
Change Component Designator: OldDesignator=R26 NewDesignator=R25
Change Component Designator: OldDesignator=R27 NewDesignator=R26
Change Component Designator: OldDesignator=R28 NewDesignator=R27
Change Component Designator: OldDesignator=R29 NewDesignator=R28
Change Component Designator: OldDesignator=R30 NewDesignator=R29
Change Component Designator: OldDesignator=TP1 NewDesignator=TP8
Change Component Designator: OldDesignator=TP2 NewDesignator=TP6
Change Component Designator: OldDesignator=TP3 NewDesignator=TP5
Change Component Designator: OldDesignator=TP4 NewDesignator=TP7
Change Component Designator: OldDesignator=TP5 NewDesignator=TP10
Change Component Designator: OldDesignator=TP6 NewDesignator=TP1
Change Component Designator: OldDesignator=TP7 NewDesignator=TP2
Change Component Designator: OldDesignator=TP8 NewDesignator=TP3
Change Component Designator: OldDesignator=TP9 NewDesignator=TP4
Change Component Designator: OldDesignator=TP10 NewDesignator=TP9
Change Component Designator: OldDesignator=TP12 NewDesignator=TP13
Change Component Designator: OldDesignator=TP13 NewDesignator=TP12
Change Component Designator: OldDesignator=U2 NewDesignator=U3
Change Component Designator: OldDesignator=U3 NewDesignator=U4
Added Component: Designator=U2(N14A)
Add component. Clean all parameters for all variants
Add component (AddParameter): Name = "Code_JEDEC"; Value = "MS-001-AA"; VariantName = "[No Variations]"
Add component (AddParameter): Name = "CompType"; Value = "Amplifiers"; VariantName = "[No Variations]"
Add component (AddParameter): Name = "DatasheetVersion"; Value = "Aug-2000"; VariantName = "[No Variations]"
Add component (AddParameter): Name = "Manufacturer"; Value = "National Semiconductor"; VariantName = "[No Variations]"
Add component (AddParameter): Name = "PackageDescription"; Value = "MDIP, .750 x .250 x.130in, 14 Lead, .100in Pitch"; VariantName = "[No Variations]"
Add component (AddParameter): Name = "PackageReference"; Value = "N14A"; VariantName = "[No Variations]"
Add component (AddParameter): Name = "PackageTopMarking"; Value = "NSUZXYYTTE#*LM324N"; VariantName = "[No Variations]"
Add component (AddParameter): Name = "PackageVersion"; Value = "revG, May-2006"; VariantName = "[No Variations]"
Add component (AddParameter): Name = "PinCount"; Value = "14"; VariantName = "[No Variations]"
Add component (AddParameter): Name = "PowerWise"; Value = "N"; VariantName = "[No Variations]"
Add component (AddParameter): Name = "RoHS"; Value = "N"; VariantName = "[No Variations]"
Added Pin To Net: NetName=A0 Pin=U2-1
Added Pin To Net: NetName=A0 Pin=U2-2
Added Pin To Net: NetName=+5 Pin=U2-4
Added Pin To Net: NetName=9 Pin=U2-5
Added Pin To Net: NetName=NetC33_1 Pin=U2-6
Added Pin To Net: NetName=NetC33_1 Pin=U2-7
Added Pin To Net: NetName=A2 Pin=U2-9
Added Pin To Net: NetName=NetC34_2 Pin=U2-10
Added Pin To Net: NetName=GND Pin=U2-11
Added Pin To Net: NetName=A2 Pin=U2-12
Added Pin To Net: NetName=A1 Pin=U2-14
Change Net Name : Old Net Name=NetC6_1 New Net Name=NetC2_1
Change Net Name : Old Net Name=NetC6_2 New Net Name=NetC2_2
Change Net Name : Old Net Name=NetC7_2 New Net Name=NetC3_2
Change Net Name : Old Net Name=NetC14_2 New Net Name=NetC5_2
Change Net Name : Old Net Name=NetC15_1 New Net Name=NetC12_1
Change Net Name : Old Net Name=NetC16_2 New Net Name=NetC6_2
Change Net Name : Old Net Name=NetC17_2 New Net Name=NetC7_2
Change Net Name : Old Net Name=NetC18_2 New Net Name=NetC13_2
Change Net Name : Old Net Name=NetC33_1 New Net Name=NetC34_1
Change Net Name : Old Net Name=NetC34_2 New Net Name=NetC35_2
Change Net Name : Old Net Name=NetD4_2 New Net Name=NetD8_2
Change Net Name : Old Net Name=NetP2_4 New Net Name=NetP3_4
Change Net Name : Old Net Name=NetP2_5 New Net Name=NetP3_5
Change Net Name : Old Net Name=NetP2_6 New Net Name=NetP3_6
Change Net Name : Old Net Name=NetQ3_G New Net Name=NetQ2_G
Change Net Name : Old Net Name=NetR1_1 New Net Name=NetR2_1
Change Net Name : Old Net Name=NetR2_1 New Net Name=NetR4_1
Change Net Name : Old Net Name=NetR4_1 New Net Name=NetR5_1
Change Net Name : Old Net Name=NetR19_2 New Net Name=NetR17_2
Change Net Name : Old Net Name=NetR22_1 New Net Name=NetR21_1
Change Net Name : Old Net Name=NetR22_2 New Net Name=NetR21_2
Change Net Name : Old Net Name=NetR23_1 New Net Name=NetR22_1
Change Net Name : Old Net Name=NetR23_2 New Net Name=NetR22_2
Added Pin To Net: NetName=NetC33_1 Pin=C33-1
Added Pin To Net: NetName=NetC33_1 Pin=Q3-1
Added Pin To Net: NetName=NetC33_1 Pin=U2-8
Added Net: Name=NetC33_1
Added Pin To Net: NetName=NetR8_1 Pin=R8-1
Added Pin To Net: NetName=NetR8_1 Pin=R12-1
Added Pin To Net: NetName=NetR8_1 Pin=U2-3
Added Net: Name=NetR8_1
Added Pin To Net: NetName=NetR28_1 Pin=R28-1
Added Pin To Net: NetName=NetR28_1 Pin=R29-2
Added Pin To Net: NetName=NetR28_1 Pin=U2-13
Added Net: Name=NetR28_1
Added Member To Class: ClassName=U_DC-DC Converter Member=Component Q5 Si7370
Added Member To Class: ClassName=U_DC-DC Converter Member=Component R11 WSLP12066L000FEA
Added Member To Class: ClassName=U_DC-DC Converter Member=Component R18 100K 1% 1206(3216)
Added Member To Class: ClassName=U_DC-DC Converter Member=Component U2 LM324N
