Removed Pin From Net: NetName=GND Pin=C26-2
Removed Pin From Net: NetName=NetJ3_2 Pin=U2-1
Removed Pin From Net: NetName=NetJ3_3 Pin=U2-2
Removed Pin From Net: NetName=GND Pin=U3-16
Removed Pin From Net: NetName=NetR21_1 Pin=U4-1
Removed Pin From Net: NetName=NetR21_1 Pin=U4-2
Removed Pin From Net: NetName=Current Adjust Pin=U4-3
Removed Pin From Net: NetName=NetR21_2 Pin=U4-5
Removed Pin From Net: NetName=NetQ5_1 Pin=U4-7
Removed Pin From Net: NetName=GND Pin=X1-1
Removed Member From Class: ClassName=U_Controller Member=C?
Removed Member From Class: ClassName=U_DC-DC Converter Member=C?
Removed Member From Class: ClassName=U_DC-DC Converter Member=R?
Removed Member From Class: ClassName=U_Current Regulator Member=U4
Change Component Comment : Designator=R23 Old Comment=0.1Ohms 1% 2512(6432) New Comment=0.01Ohms 1% 2512(6432)
Change Component Designator: OldDesignator=C? NewDesignator=C19
Change Component Designator: OldDesignator=C? NewDesignator=C20
Change Component Designator: OldDesignator=R? NewDesignator=R24
Change Component Designator: OldDesignator=R? NewDesignator=R25
Added Component: Designator=C24(CAPC0402(1005)60_L)
Add component. Clean all parameters for all variants
Add component (AddParameter): Name = "Case-EIA"; Value = "0402"; VariantName = "[No Variations]"
Add component (AddParameter): Name = "Case-Metric"; Value = "1005"; VariantName = "[No Variations]"
Add component (AddParameter): Name = "Max Thickness"; Value = "0.6 mm"; VariantName = "[No Variations]"
Add component (AddParameter): Name = "Rated Voltage"; Value = "6.3 V"; VariantName = "[No Variations]"
Add component (AddParameter): Name = "Technology"; Value = "SMT"; VariantName = "[No Variations]"
Add component (AddParameter): Name = "Tolerance"; Value = "±5%"; VariantName = "[No Variations]"
Add component (AddParameter): Name = "Value"; Value = "100nF"; VariantName = "[No Variations]"
Added Component: Designator=C29(NIC-CAPA2-10X10_V)
Add component. Clean all parameters for all variants
Add component (AddParameter): Name = "ComponentLink1Description"; Value = "Manufacturer URL"; VariantName = "[No Variations]"
Add component (AddParameter): Name = "ComponentLink1URL"; Value = "http://www.nichicon.co.jp/"; VariantName = "[No Variations]"
Add component (AddParameter): Name = "ComponentLink2Description"; Value = "Datasheet"; VariantName = "[No Variations]"
Add component (AddParameter): Name = "ComponentLink2URL"; Value = "http://products.nichicon.co.jp/en/pdf/XJA043/e-ud.pdf"; VariantName = "[No Variations]"
Add component (AddParameter): Name = "ComponentLink3Description"; Value = "Package Specification"; VariantName = "[No Variations]"
Add component (AddParameter): Name = "ComponentLink3URL"; Value = "http://products.nichicon.co.jp/en/pdf/XJA043/e-ud.pdf"; VariantName = "[No Variations]"
Add component (AddParameter): Name = "DatasheetVersion"; Value = "08/2012"; VariantName = "[No Variations]"
Add component (AddParameter): Name = "Diameter"; Value = "10 mm"; VariantName = "[No Variations]"
Add component (AddParameter): Name = "Endurance Time"; Value = "5000 h"; VariantName = "[No Variations]"
Add component (AddParameter): Name = "Impedance"; Value = "0.09 Ohm"; VariantName = "[No Variations]"
Add component (AddParameter): Name = "Length"; Value = "10 mm"; VariantName = "[No Variations]"
Add component (AddParameter): Name = "Manufacturer"; Value = "Nichicon"; VariantName = "[No Variations]"
Add component (AddParameter): Name = "Mounting Technology"; Value = "Surface Mount"; VariantName = "[No Variations]"
Add component (AddParameter): Name = "PackageDescription"; Value = "2-Pin Surface Mount Device, Diameter 10 mm, Height 10 mm, Pitch 8 mm"; VariantName = "[No Variations]"
Add component (AddParameter): Name = "PackageReference"; Value = "CAPAE-D10H10"; VariantName = "[No Variations]"
Add component (AddParameter): Name = "Packing"; Value = "Dia382mm Reel"; VariantName = "[No Variations]"
Add component (AddParameter): Name = "PartNumber"; Value = "UCZ1J470MCS1GS"; VariantName = "[No Variations]"
Add component (AddParameter): Name = "Rated Capacitance"; Value = "47 uF"; VariantName = "[No Variations]"
Add component (AddParameter): Name = "Rated Ripple Current (at 100kHz)"; Value = "670 mA"; VariantName = "[No Variations]"
Add component (AddParameter): Name = "Rated Voltage"; Value = "63V"; VariantName = "[No Variations]"
Add component (AddParameter): Name = "RoHS"; Value = "TRUE"; VariantName = "[No Variations]"
Add component (AddParameter): Name = "Supplier 1"; Value = "Mouser"; VariantName = "[No Variations]"
Add component (AddParameter): Name = "Supplier Part Number 1"; Value = "647-UCZ1J470MCS1GS"; VariantName = "[No Variations]"
Add component (AddParameter): Name = "Tolerance Rated Capacitance"; Value = "-20 to 20%"; VariantName = "[No Variations]"
Added Component: Designator=C30(CAPC1812(4532)280_N)
Add component. Clean all parameters for all variants
Add component (AddParameter): Name = "Case-EIA"; Value = "1812"; VariantName = "[No Variations]"
Add component (AddParameter): Name = "Case-Metric"; Value = "4532"; VariantName = "[No Variations]"
Add component (AddParameter): Name = "Max Thickness"; Value = "2.8 mm"; VariantName = "[No Variations]"
Add component (AddParameter): Name = "Rated Voltage"; Value = "100 V"; VariantName = "[No Variations]"
Add component (AddParameter): Name = "Supplier 1"; Value = "Digi-Key"; VariantName = "[No Variations]"
Add component (AddParameter): Name = "Supplier Part Number 1"; Value = "445-4510-2-ND"; VariantName = "[No Variations]"
Add component (AddParameter): Name = "Technology"; Value = "SMT"; VariantName = "[No Variations]"
Add component (AddParameter): Name = "Tolerance"; Value = "Â±10%"; VariantName = "[No Variations]"
Add component (AddParameter): Name = "Value"; Value = "2.2uF"; VariantName = "[No Variations]"
Added Component: Designator=C31(CAPC0402(1005)60_L)
Add component. Clean all parameters for all variants
Add component (AddParameter): Name = "Case-EIA"; Value = "0402"; VariantName = "[No Variations]"
Add component (AddParameter): Name = "Case-Metric"; Value = "1005"; VariantName = "[No Variations]"
Add component (AddParameter): Name = "Max Thickness"; Value = "0.6 mm"; VariantName = "[No Variations]"
Add component (AddParameter): Name = "Rated Voltage"; Value = "6.3 V"; VariantName = "[No Variations]"
Add component (AddParameter): Name = "Technology"; Value = "SMT"; VariantName = "[No Variations]"
Add component (AddParameter): Name = "Tolerance"; Value = "±5%"; VariantName = "[No Variations]"
Add component (AddParameter): Name = "Value"; Value = "100nF"; VariantName = "[No Variations]"
Added Component: Designator=P3(HDR1X6)
Add component. Clean all parameters for all variants
Add component (AddParameter): Name = "LatestRevisionDate"; Value = "17-Jul-2002"; VariantName = "[No Variations]"
Add component (AddParameter): Name = "LatestRevisionNote"; Value = "Re-released for DXP Platform."; VariantName = "[No Variations]"
Add component (AddParameter): Name = "Publisher"; Value = "Altium Limited"; VariantName = "[No Variations]"
Added Component: Designator=R13(RESC1206(3216)_L)
Add component. Clean all parameters for all variants
Add component (AddParameter): Name = "Case-EIA"; Value = "1206"; VariantName = "[No Variations]"
Add component (AddParameter): Name = "Case-Metric"; Value = "3216"; VariantName = "[No Variations]"
Add component (AddParameter): Name = "Populate"; Value = "0"; VariantName = "[No Variations]"
Add component (AddParameter): Name = "Power"; Value = "None"; VariantName = "[No Variations]"
Add component (AddParameter): Name = "Technology"; Value = "SMT"; VariantName = "[No Variations]"
Add component (AddParameter): Name = "Tolerance"; Value = "None"; VariantName = "[No Variations]"
Add component (AddParameter): Name = "Value"; Value = "0.00 Ohm"; VariantName = "[No Variations]"
Added Component: Designator=R26(RESC1206(3216)_L)
Add component. Clean all parameters for all variants
Add component (AddParameter): Name = "Case-EIA"; Value = "1206"; VariantName = "[No Variations]"
Add component (AddParameter): Name = "Case-Metric"; Value = "3216"; VariantName = "[No Variations]"
Add component (AddParameter): Name = "Populate"; Value = "0"; VariantName = "[No Variations]"
Add component (AddParameter): Name = "Power"; Value = "None"; VariantName = "[No Variations]"
Add component (AddParameter): Name = "Technology"; Value = "SMT"; VariantName = "[No Variations]"
Add component (AddParameter): Name = "Tolerance"; Value = "None"; VariantName = "[No Variations]"
Add component (AddParameter): Name = "Value"; Value = "0.00 Ohm"; VariantName = "[No Variations]"
Added Component: Designator=R27(RESC1206(3216)_N)
Add component. Clean all parameters for all variants
Add component (AddParameter): Name = "Case-EIA"; Value = "1206"; VariantName = "[No Variations]"
Add component (AddParameter): Name = "Case-Metric"; Value = "3216"; VariantName = "[No Variations]"
Add component (AddParameter): Name = "Power"; Value = "0.25 W"; VariantName = "[No Variations]"
Add component (AddParameter): Name = "Technology"; Value = "SMT"; VariantName = "[No Variations]"
Add component (AddParameter): Name = "Tolerance"; Value = "1 %"; VariantName = "[No Variations]"
Add component (AddParameter): Name = "Value"; Value = "90900.00 Ohm"; VariantName = "[No Variations]"
Added Component: Designator=R28(RESC1206(3216)_L)
Add component. Clean all parameters for all variants
Add component (AddParameter): Name = "Case-EIA"; Value = "1206"; VariantName = "[No Variations]"
Add component (AddParameter): Name = "Case-Metric"; Value = "3216"; VariantName = "[No Variations]"
Add component (AddParameter): Name = "Power"; Value = "0.25 W"; VariantName = "[No Variations]"
Add component (AddParameter): Name = "Technology"; Value = "SMT"; VariantName = "[No Variations]"
Add component (AddParameter): Name = "Tolerance"; Value = "1 %"; VariantName = "[No Variations]"
Add component (AddParameter): Name = "Value"; Value = "10000.00 Ohm"; VariantName = "[No Variations]"
Added Component: Designator=R29(RESC1206(3216)_N)
Add component. Clean all parameters for all variants
Add component (AddParameter): Name = "Case-EIA"; Value = "1206"; VariantName = "[No Variations]"
Add component (AddParameter): Name = "Case-Metric"; Value = "3216"; VariantName = "[No Variations]"
Add component (AddParameter): Name = "Power"; Value = "0.25 W"; VariantName = "[No Variations]"
Add component (AddParameter): Name = "Technology"; Value = "SMT"; VariantName = "[No Variations]"
Add component (AddParameter): Name = "Tolerance"; Value = "1 %"; VariantName = "[No Variations]"
Add component (AddParameter): Name = "Value"; Value = "90900.00 Ohm"; VariantName = "[No Variations]"
Added Component: Designator=R30(RESC1206(3216)_L)
Add component. Clean all parameters for all variants
Add component (AddParameter): Name = "Case-EIA"; Value = "1206"; VariantName = "[No Variations]"
Add component (AddParameter): Name = "Case-Metric"; Value = "3216"; VariantName = "[No Variations]"
Add component (AddParameter): Name = "Power"; Value = "0.25 W"; VariantName = "[No Variations]"
Add component (AddParameter): Name = "Technology"; Value = "SMT"; VariantName = "[No Variations]"
Add component (AddParameter): Name = "Tolerance"; Value = "1 %"; VariantName = "[No Variations]"
Add component (AddParameter): Name = "Value"; Value = "10000.00 Ohm"; VariantName = "[No Variations]"
Added Component: Designator=U5(TD03B_L)
Add component. Clean all parameters for all variants
Add component (AddParameter): Name = "Code_JEDEC"; Value = "TO-252-AA"; VariantName = "[No Variations]"
Add component (AddParameter): Name = "CompType"; Value = "LDO IC"; VariantName = "[No Variations]"
Add component (AddParameter): Name = "DatasheetVersion"; Value = "Aug-2005"; VariantName = "[No Variations]"
Add component (AddParameter): Name = "Manufacturer"; Value = "National Semiconductor"; VariantName = "[No Variations]"
Add component (AddParameter): Name = "PackageDescription"; Value = "TO252, Molded, Jedec, 6.8 x 6.10 x 2.30mm Body, 3 Lead, 2.28mm Pitch, Surface Mount"; VariantName = "[No Variations]"
Add component (AddParameter): Name = "PackageReference"; Value = "TD03B"; VariantName = "[No Variations]"
Add component (AddParameter): Name = "PackageTopMarking"; Value = "NSUZXYTT*LM78M05*CDT"; VariantName = "[No Variations]"
Add component (AddParameter): Name = "PackageVersion"; Value = "revD, Feb-2009"; VariantName = "[No Variations]"
Add component (AddParameter): Name = "PinCount"; Value = "3"; VariantName = "[No Variations]"
Add component (AddParameter): Name = "PowerWise"; Value = "N"; VariantName = "[No Variations]"
Add component (AddParameter): Name = "RoHS"; Value = "N"; VariantName = "[No Variations]"
Added Pin To Net: NetName=RESET Pin=C24-2
Added Pin To Net: NetName=VIn Pin=C29-1
Added Pin To Net: NetName=GND Pin=C29-2
Added Pin To Net: NetName=GND Pin=C30-1
Added Pin To Net: NetName=VIn Pin=C30-2
Added Pin To Net: NetName=GND Pin=C31-1
Added Pin To Net: NetName=+5 Pin=C31-2
Added Pin To Net: NetName=VOut Pin=J3-1
Added Pin To Net: NetName=GND Pin=J3-5
Added Pin To Net: NetName=GND Pin=J3-6
Added Pin To Net: NetName=GND Pin=J3-7
Added Pin To Net: NetName=GND Pin=J3-8
Added Pin To Net: NetName=GND Pin=J3-9
Added Pin To Net: NetName=GND Pin=J3-10
Added Pin To Net: NetName=GND Pin=J3-11
Added Pin To Net: NetName=GND Pin=P3-1
Added Pin To Net: NetName=GND Pin=P3-2
Added Pin To Net: NetName=+5 Pin=P3-3
Added Pin To Net: NetName=GND Pin=R8-1
Added Pin To Net: NetName=NetR21_2 Pin=R26-1
Added Pin To Net: NetName=+5 Pin=R26-2
Added Pin To Net: NetName=GND Pin=R28-1
Added Pin To Net: NetName=GND Pin=R30-1
Added Pin To Net: NetName=NetJ3_3 Pin=U2-1
Added Pin To Net: NetName=NetJ3_2 Pin=U2-2
Added Pin To Net: NetName=GND Pin=U2-3
Added Pin To Net: NetName=GND Pin=U2-4
Added Pin To Net: NetName=GND Pin=U2-5
Added Pin To Net: NetName=GND Pin=U2-9
Added Pin To Net: NetName=GND Pin=U3-5
Added Pin To Net: NetName=Current Adjust Pin=U4-5
Added Pin To Net: NetName=NetR21_1 Pin=U4-6
Added Pin To Net: NetName=NetR21_1 Pin=U4-7
Added Pin To Net: NetName=NetQ5_1 Pin=U4-8
Added Pin To Net: NetName=NetR21_2 Pin=U4-10
Added Pin To Net: NetName=VIn Pin=U5-1
Added Pin To Net: NetName=+5 Pin=U5-3
Added Pin To Net: NetName=GND Pin=U5-4
Change Net Name : Old Net Name=NetR8_2 New Net Name=Sync
Change Net Name : Old Net Name=NetR?_1 New Net Name=NetR25_1
Change Net Name : Old Net Name=PF5 New Net Name=A2
Change Net Name : Old Net Name=VIn New Net Name=+20
Added Pin To Net: NetName=A0 Pin=C20-2
Added Pin To Net: NetName=A0 Pin=Q5-3
Added Pin To Net: NetName=A0 Pin=R23-2
Added Pin To Net: NetName=A0 Pin=R25-2
Added Pin To Net: NetName=A0 Pin=U4-9
Added Pin To Net: NetName=A0 Pin=U4-12
Added Net: Name=A0
Added Pin To Net: NetName=A1 Pin=C19-2
Added Pin To Net: NetName=A1 Pin=R24-2
Added Pin To Net: NetName=A1 Pin=R27-2
Added Pin To Net: NetName=A1 Pin=U4-14
Added Net: Name=A1
Added Pin To Net: NetName=NetC22_2 Pin=C22-2
Added Pin To Net: NetName=NetC22_2 Pin=J3-1
Added Pin To Net: NetName=NetC22_2 Pin=U2-6
Added Pin To Net: NetName=NetC22_2 Pin=U3-7
Added Net: Name=NetC22_2
Added Pin To Net: NetName=NetC24_1 Pin=C24-1
Added Pin To Net: NetName=NetC24_1 Pin=R13-2
Added Net: Name=NetC24_1
Added Pin To Net: NetName=NetC26_2 Pin=C26-2
Added Pin To Net: NetName=NetC26_2 Pin=U3-16
Added Pin To Net: NetName=NetC26_2 Pin=X1-1
Added Net: Name=NetC26_2
Added Pin To Net: NetName=NetP3_4 Pin=P3-4
Added Pin To Net: NetName=NetP3_4 Pin=U3-20
Added Net: Name=NetP3_4
Added Pin To Net: NetName=NetP3_5 Pin=P3-5
Added Pin To Net: NetName=NetP3_5 Pin=U3-21
Added Net: Name=NetP3_5
Added Pin To Net: NetName=NetP3_6 Pin=P3-6
Added Pin To Net: NetName=NetP3_6 Pin=R13-1
Added Net: Name=NetP3_6
Added Pin To Net: NetName=NetR18_1 Pin=R18-1
Added Pin To Net: NetName=NetR18_1 Pin=U2-7
Added Net: Name=NetR18_1
Added Pin To Net: NetName=NetR19_1 Pin=R19-1
Added Pin To Net: NetName=NetR19_1 Pin=U2-8
Added Net: Name=NetR19_1
Added Pin To Net: NetName=NetR24_1 Pin=R24-1
Added Pin To Net: NetName=NetR24_1 Pin=U3-37
Added Net: Name=NetR24_1
Added Pin To Net: NetName=NetR27_1 Pin=R27-1
Added Pin To Net: NetName=NetR27_1 Pin=R28-2
Added Pin To Net: NetName=NetR27_1 Pin=U4-13
Added Net: Name=NetR27_1
Added Member To Class: ClassName=U_Controller Member=Component C19 CAP 1uF 25V 1206(3216)
Added Member To Class: ClassName=U_Controller Member=Component C24 CAP 1uF 16V 0402(1005)
Added Member To Class: ClassName=Serial Power Supply - Main Member=Component C29 UCZ1J470MCS1GS
Added Member To Class: ClassName=Serial Power Supply - Main Member=Component C30 CAP 2.2uF 100V 1812(4532)
Added Member To Class: ClassName=Serial Power Supply - Main Member=Component C31 CAP 100nF 6.3V 0402(1005)
Added Member To Class: ClassName=Serial Power Supply - Main Member=Component J3 24.243.1
Added Member To Class: ClassName=U_Controller Member=Component P3 Header 6
Added Member To Class: ClassName=U_Controller Member=Component R13 Jumper 1206(3216)
Added Member To Class: ClassName=U_Controller Member=Component R24 5K1 1% 1206(3216)
Added Member To Class: ClassName=U_Current Regulator Member=Component R26 Jumper 1206(3216)
Added Member To Class: ClassName=U_Current Regulator Member=Component R27 90K9 1% 1206(3216)
Added Member To Class: ClassName=U_Current Regulator Member=Component R28 10K 1% 1206(3216)
Added Member To Class: ClassName=U_DC-DC Converter Member=Component R29 90K9 1% 1206(3216)
Added Member To Class: ClassName=U_DC-DC Converter Member=Component R30 10K 1% 1206(3216)
Added Member To Class: ClassName=U_DC-DC Converter Member=Component U4 LM324N
Added Member To Class: ClassName=Serial Power Supply - Main Member=Component U5 LM78M05CDT
