Removed Member From Class: ClassName=Serial Power Supply - Main Member=P4
Removed Member From Class: ClassName=U_DC-DC Converter Member=Q3
Removed Member From Class: ClassName=U_DC-DC Converter Member=R16
Removed Member From Class: ClassName=U_Controller Member=R24
Removed Member From Class: ClassName=Serial Power Supply - Main Member=TP1
Removed Member From Class: ClassName=Serial Power Supply - Main Member=TP2
Removed Member From Class: ClassName=Serial Power Supply - Main Member=TP3
Removed Member From Class: ClassName=Serial Power Supply - Main Member=TP4
Removed Member From Class: ClassName=U_Controller Member=TP4
Removed Member From Class: ClassName=U_Current Regulator Member=TP4
Removed Member From Class: ClassName=U_DC-DC Converter Member=TP8
Removed Member From Class: ClassName=Serial Power Supply - Main Member=U4
Removed Member From Class: ClassName=U_DC-DC Converter Member=U4
Change Component Designator: OldDesignator=R8 NewDesignator=R30
Change Component Designator: OldDesignator=R9 NewDesignator=R8
Change Net Name : Old Net Name=NetR8_1 New Net Name=NetR12_1
Added Member To Class: ClassName=Serial Power Supply - Main Member=Component P2 SMB
Added Member To Class: ClassName=U_DC-DC Converter Member=Component Q2 Si7370
Added Member To Class: ClassName=U_DC-DC Converter Member=Component R30 150K 1% 1206(3216)
Added Member To Class: ClassName=U_DC-DC Converter Member=Component TP1 VOut
Added Member To Class: ClassName=Serial Power Supply - Main Member=Component TP5 GND
Added Member To Class: ClassName=Serial Power Supply - Main Member=Component TP6 +20V
Added Member To Class: ClassName=Serial Power Supply - Main Member=Component TP7 +5 V
Added Member To Class: ClassName=Serial Power Supply - Main Member=Component TP8 GND
Added Member To Class: ClassName=U_Controller Member=Component TP9 ARef
Added Member To Class: ClassName=U_Current Regulator Member=Component TP10 Return
Added Member To Class: ClassName=U_DC-DC Converter Member=Component U2 LM324N
Added Member To Class: ClassName=Serial Power Supply - Main Member=Component U3 LM78M05CDT
Added Room: Name=U_DC-DC Converter
