Added Component: Designator=Q1(SOIC127P620X112_HS-9N)
Add component. Clean all parameters for all variants
Add component (AddParameter): Name = "ComponentLink1Description"; Value = "Datasheet"; VariantName = "[No Variations]"
Add component (AddParameter): Name = "ComponentLink1URL"; Value = "https://www.vishay.com/docs/71874/si7370dp.pdf"; VariantName = "[No Variations]"
Add component (AddParameter): Name = "Supplier 1"; Value = "Mouser"; VariantName = "[No Variations]"
Add component (AddParameter): Name = "Supplier Part Number 1"; Value = "781-SI7370DP-GE3"; VariantName = "[No Variations]"
Added Component: Designator=Q2(SOIC127P620X112_HS-9N)
Add component. Clean all parameters for all variants
Add component (AddParameter): Name = "ComponentLink1Description"; Value = "Datasheet"; VariantName = "[No Variations]"
Add component (AddParameter): Name = "ComponentLink1URL"; Value = "https://www.vishay.com/docs/71874/si7370dp.pdf"; VariantName = "[No Variations]"
Add component (AddParameter): Name = "Supplier 1"; Value = "Mouser"; VariantName = "[No Variations]"
Add component (AddParameter): Name = "Supplier Part Number 1"; Value = "781-SI7370DP-GE3"; VariantName = "[No Variations]"
Added Component: Designator=Q3(SOIC127P620X112_HS-9N)
Add component. Clean all parameters for all variants
Add component (AddParameter): Name = "ComponentLink1Description"; Value = "Datasheet"; VariantName = "[No Variations]"
Add component (AddParameter): Name = "ComponentLink1URL"; Value = "https://www.vishay.com/docs/71874/si7370dp.pdf"; VariantName = "[No Variations]"
Add component (AddParameter): Name = "Supplier 1"; Value = "Mouser"; VariantName = "[No Variations]"
Add component (AddParameter): Name = "Supplier Part Number 1"; Value = "781-SI7370DP-GE3"; VariantName = "[No Variations]"
Added Component: Designator=Q4(SOIC127P620X112_HS-9N)
Add component. Clean all parameters for all variants
Add component (AddParameter): Name = "ComponentLink1Description"; Value = "Datasheet"; VariantName = "[No Variations]"
Add component (AddParameter): Name = "ComponentLink1URL"; Value = "https://www.vishay.com/docs/71874/si7370dp.pdf"; VariantName = "[No Variations]"
Add component (AddParameter): Name = "Supplier 1"; Value = "Mouser"; VariantName = "[No Variations]"
Add component (AddParameter): Name = "Supplier Part Number 1"; Value = "781-SI7370DP-GE3"; VariantName = "[No Variations]"
Added Pin To Net: NetName=VIn Pin=Q1-D
Added Pin To Net: NetName=VIn Pin=Q1-D
Added Pin To Net: NetName=VIn Pin=Q1-D
Added Pin To Net: NetName=VIn Pin=Q1-D
Added Pin To Net: NetName=VIn Pin=Q1-D
Added Pin To Net: NetName=NetQ1_G Pin=Q1-G
Added Pin To Net: NetName=NetC6_2 Pin=Q1-S
Added Pin To Net: NetName=NetC6_2 Pin=Q1-S
Added Pin To Net: NetName=NetC6_2 Pin=Q1-S
Added Pin To Net: NetName=VIn Pin=Q2-D
Added Pin To Net: NetName=VIn Pin=Q2-D
Added Pin To Net: NetName=VIn Pin=Q2-D
Added Pin To Net: NetName=VIn Pin=Q2-D
Added Pin To Net: NetName=VIn Pin=Q2-D
Added Pin To Net: NetName=NetQ1_G Pin=Q2-G
Added Pin To Net: NetName=NetC6_2 Pin=Q2-S
Added Pin To Net: NetName=NetC6_2 Pin=Q2-S
Added Pin To Net: NetName=NetC6_2 Pin=Q2-S
Added Pin To Net: NetName=NetC6_2 Pin=Q3-D
Added Pin To Net: NetName=NetC6_2 Pin=Q3-D
Added Pin To Net: NetName=NetC6_2 Pin=Q3-D
Added Pin To Net: NetName=NetC6_2 Pin=Q3-D
Added Pin To Net: NetName=NetC6_2 Pin=Q3-D
Added Pin To Net: NetName=NetQ3_G Pin=Q3-G
Added Pin To Net: NetName=GND Pin=Q3-S
Added Pin To Net: NetName=GND Pin=Q3-S
Added Pin To Net: NetName=GND Pin=Q3-S
Added Pin To Net: NetName=NetC6_2 Pin=Q4-D
Added Pin To Net: NetName=NetC6_2 Pin=Q4-D
Added Pin To Net: NetName=NetC6_2 Pin=Q4-D
Added Pin To Net: NetName=NetC6_2 Pin=Q4-D
Added Pin To Net: NetName=NetC6_2 Pin=Q4-D
Added Pin To Net: NetName=NetQ3_G Pin=Q4-G
Added Pin To Net: NetName=GND Pin=Q4-S
Added Pin To Net: NetName=GND Pin=Q4-S
Added Pin To Net: NetName=GND Pin=Q4-S
Added Member To Class: ClassName=U_DC-DC Converter Member=Component Q1 Si7370
Added Member To Class: ClassName=U_DC-DC Converter Member=Component Q2 Si7370
Added Member To Class: ClassName=U_DC-DC Converter Member=Component Q3 Si7370
Added Member To Class: ClassName=U_DC-DC Converter Member=Component Q4 Si7370
