Removed Pin From Net: NetName=GND Pin=C24-1
Removed Pin From Net: NetName=GND Pin=C25-1
Removed Pin From Net: NetName=9 Pin=C34-2
Removed Pin From Net: NetName=A2 Pin=C35-1
Removed Pin From Net: NetName=NetC35_2 Pin=C35-2
Removed Pin From Net: NetName=GND Pin=C36-1
Removed Pin From Net: NetName=GND Pin=C37-1
Removed Pin From Net: NetName=A2 Pin=C37-2
Removed Pin From Net: NetName=9 Pin=R19-1
Removed Pin From Net: NetName=10 Pin=R20-1
Removed Pin From Net: NetName=NetC35_2 Pin=R25-2
Removed Pin From Net: NetName=9 Pin=TP12-1
Removed Pin From Net: NetName=9 Pin=U2-5
Removed Pin From Net: NetName=NetC33_1 Pin=U2-8
Removed Pin From Net: NetName=A2 Pin=U2-9
Removed Pin From Net: NetName=NetC35_2 Pin=U2-10
Removed Pin From Net: NetName=A2 Pin=U2-12
Removed Pin From Net: NetName=NetR28_1 Pin=U2-13
Removed Pin From Net: NetName=A1 Pin=U2-14
Removed Member From Class: ClassName=U_Current Regulator Member=C34
Removed Member From Class: ClassName=U_Current Regulator Member=C35
Removed Member From Class: ClassName=U_Current Regulator Member=C36
Removed Member From Class: ClassName=U_Current Regulator Member=C37
Removed Member From Class: ClassName=U_Current Regulator Member=TP12
Change Component Footprint: Designator=C23 Old Footprint=CAPC0402(1005)60_L New Footprint=CAPC1206(3216)100_N
Change Component Footprint: Designator=C33 Old Footprint=CAPC0402(1005)60_L New Footprint=CAPC1206(3216)100_N
Change Component Footprint: Designator=C34 Old Footprint=CAPC0402(1005)60_L New Footprint=CAPC1206(3216)100_N
Change Component Footprint: Designator=C36 Old Footprint=CAPC0402(1005)60_L New Footprint=CAPC1206(3216)100_N
Change Component Footprint: Designator=C24 Old Footprint=CAPC1206(3216)190_N New Footprint=CAPC1206(3216)100_N
Change Component Footprint: Designator=C25 Old Footprint=CAPC1206(3216)190_N New Footprint=CAPC1206(3216)100_N
Change Component Comment : Designator=R27 Old Comment=0.01Ohms 1% 2512(6432) New Comment=0.1Ohms 1% 2512(6432)
Change Component Comment : Designator=R1 Old Comment=15K 1% 1206(3216) New Comment=10K 1% 1206(3216)
Change Component Comment : Designator=TP11 Old Comment=2501-2-00-80-00-00-07-0 New Comment=Current Adjust
Change Component Comment : Designator=C24 Old Comment=CAP 1uF 25V 1206(3216) New Comment=CAP 100nF 50V 1206(3216)
Change Component Comment : Designator=C25 Old Comment=CAP 1uF 25V 1206(3216) New Comment=CAP 100nF 50V 1206(3216)
Change Component Comment : Designator=C23 Old Comment=CAP 100nF 6.3V 0402(1005) New Comment=CAP 100nF 50V 1206(3216)
Change Component Comment : Designator=C33 Old Comment=CAP 100nF 6.3V 0402(1005) New Comment=CAP 100nF 50V 1206(3216)
Change Component Comment : Designator=C34 Old Comment=CAP 100nF 6.3V 0402(1005) New Comment=CAP 100nF 50V 1206(3216)
Change Component Comment : Designator=C36 Old Comment=CAP 100nF 6.3V 0402(1005) New Comment=CAP 100nF 50V 1206(3216)
Change Component Comment : Designator=Q3 Old Comment=NMOS-2 New Comment=MTP3055
Change component parameters: Designator = "C13"; Footprint = "CAPC1206(3216)150_L"; UniqueID = "\UVRSXLLX\SMHSNCFY"
Change component parameters. Clean all parameters for all variants
Change component parameters (AddParameter): Name = "Case-EIA"; Value = "1206"; VariantName = "[No Variations]"
Change component parameters (AddParameter): Name = "Case-Metric"; Value = "3216"; VariantName = "[No Variations]"
Change component parameters (AddParameter): Name = "PackageReference"; Value = "CAPC1206(3216)150"; VariantName = "[No Variations]"
Change component parameters (AddParameter): Name = "Placement"; Value = "0"; VariantName = "[No Variations]"
Change component parameters (AddParameter): Name = "Rated Voltage"; Value = ""; VariantName = "[No Variations]"
Change component parameters (AddParameter): Name = "Tolerance"; Value = ""; VariantName = "[No Variations]"
Change component parameters (AddParameter): Name = "Value"; Value = ""; VariantName = "[No Variations]"
Change component parameters: Designator = "R26"; Footprint = "RESC1206(3216)_L"; UniqueID = "\RLJXJLHE\RUVLKJEI"
Change component parameters. Clean all parameters for all variants
Change component parameters (AddParameter): Name = "Case-EIA"; Value = "1206"; VariantName = "[No Variations]"
Change component parameters (AddParameter): Name = "Case-Metric"; Value = "3216"; VariantName = "[No Variations]"
Change component parameters (AddParameter): Name = "Populate"; Value = "0"; VariantName = "[No Variations]"
Change component parameters (AddParameter): Name = "Power"; Value = "0.25 W"; VariantName = "[No Variations]"
Change component parameters (AddParameter): Name = "Technology"; Value = "SMT"; VariantName = "[No Variations]"
Change component parameters (AddParameter): Name = "Tolerance"; Value = "1 %"; VariantName = "[No Variations]"
Change component parameters (AddParameter): Name = "Value"; Value = "10000.00 Ohm"; VariantName = "[No Variations]"
Change component parameters: Designator = "R1"; Footprint = "RESC1206(3216)_N"; UniqueID = "\UVRSXLLX\ESUDACKO"
Change component parameters. Clean all parameters for all variants
Change component parameters (AddParameter): Name = "Case-EIA"; Value = "1206"; VariantName = "[No Variations]"
Change component parameters (AddParameter): Name = "Case-Metric"; Value = "3216"; VariantName = "[No Variations]"
Change component parameters (AddParameter): Name = "Power"; Value = "0.25 W"; VariantName = "[No Variations]"
Change component parameters (AddParameter): Name = "Technology"; Value = "SMT"; VariantName = "[No Variations]"
Change component parameters (AddParameter): Name = "Tolerance"; Value = "1 %"; VariantName = "[No Variations]"
Change component parameters (AddParameter): Name = "Value"; Value = "10000.00 Ohm"; VariantName = "[No Variations]"
Change component parameters: Designator = "R19"; Footprint = "RESC1206(3216)_L"; UniqueID = "\EMOJIQIW\LFFYBCJT"
Change component parameters. Clean all parameters for all variants
Change component parameters (AddParameter): Name = "Case-EIA"; Value = "1206"; VariantName = "[No Variations]"
Change component parameters (AddParameter): Name = "Case-Metric"; Value = "3216"; VariantName = "[No Variations]"
Change component parameters (AddParameter): Name = "Power"; Value = "0.25 W"; VariantName = "[No Variations]"
Change component parameters (AddParameter): Name = "Technology"; Value = "SMT"; VariantName = "[No Variations]"
Change component parameters (AddParameter): Name = "Tolerance"; Value = "1 %"; VariantName = "[No Variations]"
Change component parameters (AddParameter): Name = "Value"; Value = "5.1K Ohm"; VariantName = "[No Variations]"
Change component parameters: Designator = "R20"; Footprint = "RESC1206(3216)_L"; UniqueID = "\EMOJIQIW\VTHHKMXB"
Change component parameters. Clean all parameters for all variants
Change component parameters (AddParameter): Name = "Case-EIA"; Value = "1206"; VariantName = "[No Variations]"
Change component parameters (AddParameter): Name = "Case-Metric"; Value = "3216"; VariantName = "[No Variations]"
Change component parameters (AddParameter): Name = "Power"; Value = "0.25 W"; VariantName = "[No Variations]"
Change component parameters (AddParameter): Name = "Technology"; Value = "SMT"; VariantName = "[No Variations]"
Change component parameters (AddParameter): Name = "Tolerance"; Value = "1 %"; VariantName = "[No Variations]"
Change component parameters (AddParameter): Name = "Value"; Value = "5.1K Ohm"; VariantName = "[No Variations]"
Change component parameters: Designator = "R25"; Footprint = "RESC1206(3216)_L"; UniqueID = "\RLJXJLHE\ARTCPDOL"
Change component parameters. Clean all parameters for all variants
Change component parameters (AddParameter): Name = "Case-EIA"; Value = "1206"; VariantName = "[No Variations]"
Change component parameters (AddParameter): Name = "Case-Metric"; Value = "3216"; VariantName = "[No Variations]"
Change component parameters (AddParameter): Name = "Populate"; Value = "0"; VariantName = "[No Variations]"
Change component parameters (AddParameter): Name = "Power"; Value = "0.25 W"; VariantName = "[No Variations]"
Change component parameters (AddParameter): Name = "Technology"; Value = "SMT"; VariantName = "[No Variations]"
Change component parameters (AddParameter): Name = "Tolerance"; Value = "1 %"; VariantName = "[No Variations]"
Change component parameters (AddParameter): Name = "Value"; Value = "10K Ohm"; VariantName = "[No Variations]"
Change component parameters: Designator = "Q3"; Footprint = "TO-220AB"; UniqueID = "\RLJXJLHE\YWAUVEWW"
Change component parameters. Clean all parameters for all variants
Change component parameters (AddParameter): Name = "ComponentLink1Description"; Value = "Manufacturer Link"; VariantName = "[No Variations]"
Change component parameters (AddParameter): Name = "ComponentLink1URL"; Value = "http://www.irf.com/"; VariantName = "[No Variations]"
Change component parameters (AddParameter): Name = "DatasheetVersion"; Value = "PD-9.814"; VariantName = "[No Variations]"
Change component parameters (AddParameter): Name = "LatestRevisionDate"; Value = "17-Jul-2002"; VariantName = "[No Variations]"
Change component parameters (AddParameter): Name = "LatestRevisionNote"; Value = "Re-released for DXP Platform."; VariantName = "[No Variations]"
Change component parameters (AddParameter): Name = "Note"; Value = "Pin 2 is electrically connected to pin 4."; VariantName = "[No Variations]"
Change component parameters (AddParameter): Name = "PackageDescription"; Value = "TO, Thru-Hole, Vertical, Heatsink Mounted; 3 In-Line Leads; Pitch 2.54 mm"; VariantName = "[No Variations]"
Change component parameters (AddParameter): Name = "PackageReference"; Value = "TO-220AB"; VariantName = "[No Variations]"
Change component parameters (AddParameter): Name = "PackageVersion"; Value = "Feb-1997"; VariantName = "[No Variations]"
Change component parameters (AddParameter): Name = "Published"; Value = "8-Jun-2000"; VariantName = "[No Variations]"
Change component parameters (AddParameter): Name = "Publisher"; Value = "Altium Limited"; VariantName = "[No Variations]"
Change component parameters (AddParameter): Name = "Supplier 1"; Value = "Mouser"; VariantName = "[No Variations]"
Change component parameters (AddParameter): Name = "Supplier Part Number 1"; Value = "512-MTP3055VL"; VariantName = "[No Variations]"
Change component parameters: Designator = "R27"; Footprint = "RESC2512(6432)_M"; UniqueID = "\RLJXJLHE\BHHKEMTJ"
Change component parameters. Clean all parameters for all variants
Change component parameters (AddParameter): Name = "Case-EIA"; Value = "2512"; VariantName = "[No Variations]"
Change component parameters (AddParameter): Name = "Case-Metric"; Value = "6432"; VariantName = "[No Variations]"
Change component parameters (AddParameter): Name = "Power"; Value = "1 W"; VariantName = "[No Variations]"
Change component parameters (AddParameter): Name = "Supplier 1"; Value = "Mouser"; VariantName = "[No Variations]"
Change component parameters (AddParameter): Name = "Supplier Part Number 1"; Value = "71-CSM25120R1000BST"; VariantName = "[No Variations]"
Change component parameters (AddParameter): Name = "Technology"; Value = "SMT"; VariantName = "[No Variations]"
Change component parameters (AddParameter): Name = "Tolerance"; Value = "1 %"; VariantName = "[No Variations]"
Change component parameters (AddParameter): Name = "Value"; Value = "0.1 Ohms"; VariantName = "[No Variations]"
Change component parameters: Designator = "C24"; Footprint = "CAPC1206(3216)100_N"; UniqueID = "\EMOJIQIW\QNXESXXF"
Change component parameters. Clean all parameters for all variants
Change component parameters (AddParameter): Name = "Case-EIA"; Value = "1206"; VariantName = "[No Variations]"
Change component parameters (AddParameter): Name = "Case-Metric"; Value = "3216"; VariantName = "[No Variations]"
Change component parameters (AddParameter): Name = "Max Thickness"; Value = "1 mm"; VariantName = "[No Variations]"
Change component parameters (AddParameter): Name = "Rated Voltage"; Value = "50 V"; VariantName = "[No Variations]"
Change component parameters (AddParameter): Name = "Technology"; Value = "SMT"; VariantName = "[No Variations]"
Change component parameters (AddParameter): Name = "Tolerance"; Value = "±10%"; VariantName = "[No Variations]"
Change component parameters (AddParameter): Name = "Value"; Value = "100nF"; VariantName = "[No Variations]"
Change component parameters: Designator = "C25"; Footprint = "CAPC1206(3216)100_N"; UniqueID = "\EMOJIQIW\VETCVSFJ"
Change component parameters. Clean all parameters for all variants
Change component parameters (AddParameter): Name = "Case-EIA"; Value = "1206"; VariantName = "[No Variations]"
Change component parameters (AddParameter): Name = "Case-Metric"; Value = "3216"; VariantName = "[No Variations]"
Change component parameters (AddParameter): Name = "Max Thickness"; Value = "1 mm"; VariantName = "[No Variations]"
Change component parameters (AddParameter): Name = "Rated Voltage"; Value = "50 V"; VariantName = "[No Variations]"
Change component parameters (AddParameter): Name = "Technology"; Value = "SMT"; VariantName = "[No Variations]"
Change component parameters (AddParameter): Name = "Tolerance"; Value = "±10%"; VariantName = "[No Variations]"
Change component parameters (AddParameter): Name = "Value"; Value = "100nF"; VariantName = "[No Variations]"
Change component parameters: Designator = "C23"; Footprint = "CAPC1206(3216)100_N"; UniqueID = "\EMOJIQIW\KXBIFWIC"
Change component parameters. Clean all parameters for all variants
Change component parameters (AddParameter): Name = "Case-EIA"; Value = "1206"; VariantName = "[No Variations]"
Change component parameters (AddParameter): Name = "Case-Metric"; Value = "3216"; VariantName = "[No Variations]"
Change component parameters (AddParameter): Name = "Max Thickness"; Value = "1 mm"; VariantName = "[No Variations]"
Change component parameters (AddParameter): Name = "Rated Voltage"; Value = "50 V"; VariantName = "[No Variations]"
Change component parameters (AddParameter): Name = "Technology"; Value = "SMT"; VariantName = "[No Variations]"
Change component parameters (AddParameter): Name = "Tolerance"; Value = "±10%"; VariantName = "[No Variations]"
Change component parameters (AddParameter): Name = "Value"; Value = "100nF"; VariantName = "[No Variations]"
Change component parameters: Designator = "C33"; Footprint = "CAPC1206(3216)100_N"; UniqueID = "\RLJXJLHE\GHCSLFXE"
Change component parameters. Clean all parameters for all variants
Change component parameters (AddParameter): Name = "Case-EIA"; Value = "1206"; VariantName = "[No Variations]"
Change component parameters (AddParameter): Name = "Case-Metric"; Value = "3216"; VariantName = "[No Variations]"
Change component parameters (AddParameter): Name = "Max Thickness"; Value = "1 mm"; VariantName = "[No Variations]"
Change component parameters (AddParameter): Name = "Rated Voltage"; Value = "50 V"; VariantName = "[No Variations]"
Change component parameters (AddParameter): Name = "Technology"; Value = "SMT"; VariantName = "[No Variations]"
Change component parameters (AddParameter): Name = "Tolerance"; Value = "±10%"; VariantName = "[No Variations]"
Change component parameters (AddParameter): Name = "Value"; Value = "100nF"; VariantName = "[No Variations]"
Change component parameters: Designator = "C34"; Footprint = "CAPC1206(3216)100_N"; UniqueID = "\EMOJIQIW\NBHAOSFQ"
Change component parameters. Clean all parameters for all variants
Change component parameters (AddParameter): Name = "Case-EIA"; Value = "1206"; VariantName = "[No Variations]"
Change component parameters (AddParameter): Name = "Case-Metric"; Value = "3216"; VariantName = "[No Variations]"
Change component parameters (AddParameter): Name = "Max Thickness"; Value = "1 mm"; VariantName = "[No Variations]"
Change component parameters (AddParameter): Name = "Rated Voltage"; Value = "50 V"; VariantName = "[No Variations]"
Change component parameters (AddParameter): Name = "Technology"; Value = "SMT"; VariantName = "[No Variations]"
Change component parameters (AddParameter): Name = "Tolerance"; Value = "±10%"; VariantName = "[No Variations]"
Change component parameters (AddParameter): Name = "Value"; Value = "100nF"; VariantName = "[No Variations]"
Change component parameters: Designator = "C36"; Footprint = "CAPC1206(3216)100_N"; UniqueID = "\EMOJIQIW\TGPDCGLQ"
Change component parameters. Clean all parameters for all variants
Change component parameters (AddParameter): Name = "Case-EIA"; Value = "1206"; VariantName = "[No Variations]"
Change component parameters (AddParameter): Name = "Case-Metric"; Value = "3216"; VariantName = "[No Variations]"
Change component parameters (AddParameter): Name = "Max Thickness"; Value = "1 mm"; VariantName = "[No Variations]"
Change component parameters (AddParameter): Name = "Rated Voltage"; Value = "50 V"; VariantName = "[No Variations]"
Change component parameters (AddParameter): Name = "Technology"; Value = "SMT"; VariantName = "[No Variations]"
Change component parameters (AddParameter): Name = "Tolerance"; Value = "±10%"; VariantName = "[No Variations]"
Change component parameters (AddParameter): Name = "Value"; Value = "100nF"; VariantName = "[No Variations]"
Added Component: Designator=R31(RESC1206(3216)_L)
Add component. Clean all parameters for all variants
Add component (AddParameter): Name = "Case-EIA"; Value = "1206"; VariantName = "[No Variations]"
Add component (AddParameter): Name = "Case-Metric"; Value = "3216"; VariantName = "[No Variations]"
Add component (AddParameter): Name = "Power"; Value = "0.25 W"; VariantName = "[No Variations]"
Add component (AddParameter): Name = "Technology"; Value = "SMT"; VariantName = "[No Variations]"
Add component (AddParameter): Name = "Tolerance"; Value = "1 %"; VariantName = "[No Variations]"
Add component (AddParameter): Name = "Value"; Value = "5.1K Ohm"; VariantName = "[No Variations]"
Added Component: Designator=R32(RESC1206(3216)_L)
Add component. Clean all parameters for all variants
Add component (AddParameter): Name = "Case-EIA"; Value = "1206"; VariantName = "[No Variations]"
Add component (AddParameter): Name = "Case-Metric"; Value = "3216"; VariantName = "[No Variations]"
Add component (AddParameter): Name = "Power"; Value = "0.25 W"; VariantName = "[No Variations]"
Add component (AddParameter): Name = "Technology"; Value = "SMT"; VariantName = "[No Variations]"
Add component (AddParameter): Name = "Tolerance"; Value = "1 %"; VariantName = "[No Variations]"
Add component (AddParameter): Name = "Value"; Value = "5.1K Ohm"; VariantName = "[No Variations]"
Added Component: Designator=R?(RESC1206(3216)_L)
Add component. Clean all parameters for all variants
Add component (AddParameter): Name = "Case-EIA"; Value = "1206"; VariantName = "[No Variations]"
Add component (AddParameter): Name = "Case-Metric"; Value = "3216"; VariantName = "[No Variations]"
Add component (AddParameter): Name = "Populate"; Value = "0"; VariantName = "[No Variations]"
Add component (AddParameter): Name = "Power"; Value = "0.25 W"; VariantName = "[No Variations]"
Add component (AddParameter): Name = "Technology"; Value = "SMT"; VariantName = "[No Variations]"
Add component (AddParameter): Name = "Tolerance"; Value = "1 %"; VariantName = "[No Variations]"
Add component (AddParameter): Name = "Value"; Value = "10K Ohm"; VariantName = "[No Variations]"
Added Pin To Net: NetName=GND Pin=C24-2
Added Pin To Net: NetName=GND Pin=C25-2
Added Pin To Net: NetName=9 Pin=C34-1
Added Pin To Net: NetName=GND Pin=C34-2
Added Pin To Net: NetName=10 Pin=C36-1
Added Pin To Net: NetName=GND Pin=C36-2
Added Pin To Net: NetName=NetC35_2 Pin=R25-1
Added Pin To Net: NetName=9 Pin=R31-1
Added Pin To Net: NetName=10 Pin=R32-1
Added Pin To Net: NetName=9 Pin=R?-2
Added Pin To Net: NetName=NetC35_2 Pin=U2-5
Added Pin To Net: NetName=A2 Pin=U2-6
Added Pin To Net: NetName=NetC33_1 Pin=U2-7
Added Pin To Net: NetName=A1 Pin=U2-8
Added Pin To Net: NetName=NetR28_1 Pin=U2-9
Added Pin To Net: NetName=A2 Pin=U2-10
Change Net Name : Old Net Name=NetC35_2 New Net Name=NetR24_1
Added Pin To Net: NetName=NetC24_1 Pin=C24-1
Added Pin To Net: NetName=NetC24_1 Pin=R19-1
Added Pin To Net: NetName=NetC24_1 Pin=R31-2
Added Net: Name=NetC24_1
Added Pin To Net: NetName=NetC25_1 Pin=C25-1
Added Pin To Net: NetName=NetC25_1 Pin=R20-1
Added Pin To Net: NetName=NetC25_1 Pin=R32-2
Added Net: Name=NetC25_1
Added Pin To Net: NetName=NetR19_2 Pin=R19-2
Added Pin To Net: NetName=NetR19_2 Pin=U4-29
Added Net: Name=NetR19_2
Added Pin To Net: NetName=NetR20_2 Pin=R20-2
Added Pin To Net: NetName=NetR20_2 Pin=U4-30
Added Net: Name=NetR20_2
Added Pin To Net: NetName=NetR25_2 Pin=R25-2
Added Pin To Net: NetName=NetR25_2 Pin=R?-1
Added Net: Name=NetR25_2
Added Member To Class: ClassName=U_Controller Member=Component C34 CAP 100nF 50V 1206(3216)
Added Member To Class: ClassName=U_Controller Member=Component C36 CAP 100nF 50V 1206(3216)
Added Member To Class: ClassName=U_Controller Member=Component R31 5K1 1% 1206(3216)
Added Member To Class: ClassName=U_Controller Member=Component R32 5K1 1% 1206(3216)
Added Member To Class: ClassName=U_Current Regulator Member=Component R? 10K 1% 1206(3216)
