Change Component Footprint: Designator=P1 Old Footprint=MHDR2X3 New Footprint=SMTC-TMMH-103-06-X-D
Change Component Comment : Designator=P1 Old Comment=MHDR2X3 New Comment=TMMH-103-06-T-D
Change component parameters: Designator = "P1"; Footprint = "SMTC-TMMH-103-06-X-D"; UniqueID = "\UVRSXLLX\KXJDWCJW"
Change component parameters. Clean all parameters for all variants
Change component parameters (AddParameter): Name = "ComponentLink1Description"; Value = "Manufacturer URL"; VariantName = "[No Variations]"
Change component parameters (AddParameter): Name = "ComponentLink1URL"; Value = "http://www.samtec.com"; VariantName = "[No Variations]"
Change component parameters (AddParameter): Name = "ComponentLink2Description"; Value = "Datasheet"; VariantName = "[No Variations]"
Change component parameters (AddParameter): Name = "ComponentLink2URL"; Value = "http://d2a072wq521u33.cloudfront.net/catalog_english//TMMH_TH.PDF"; VariantName = "[No Variations]"
Change component parameters (AddParameter): Name = "ComponentLink3Description"; Value = "Package Specification"; VariantName = "[No Variations]"
Change component parameters (AddParameter): Name = "ComponentLink3URL"; Value = "http://www.samtec.com/documents/webfiles/cpdf/TMMH-1XX-XX-XX-D-XXX-XXX-MKT1.pdf"; VariantName = "[No Variations]"
Change component parameters (AddParameter): Name = "DatasheetVersion"; Value = "F-214"; VariantName = "[No Variations]"
Change component parameters (AddParameter): Name = "Manufacturer"; Value = "Samtec"; VariantName = "[No Variations]"
Change component parameters (AddParameter): Name = "Mounting Technology"; Value = "Through-hole"; VariantName = "[No Variations]"
Change component parameters (AddParameter): Name = "Orientation"; Value = "Vertical"; VariantName = "[No Variations]"
Change component parameters (AddParameter): Name = "PackageDescription"; Value = "2mm x 2mm Terminal Strip Assembly"; VariantName = "[No Variations]"
Change component parameters (AddParameter): Name = "PackageReference"; Value = "TMMH-103-06-X-D"; VariantName = "[No Variations]"
Change component parameters (AddParameter): Name = "PackageVersion"; Value = "AR, 12/1996"; VariantName = "[No Variations]"
Change component parameters (AddParameter): Name = "PartNumber"; Value = "TMMH-103-06-T-D"; VariantName = "[No Variations]"
Change component parameters (AddParameter): Name = "Pitch"; Value = "2 mm"; VariantName = "[No Variations]"
Change component parameters (AddParameter): Name = "RoHS"; Value = "True"; VariantName = "[No Variations]"
Change component parameters (AddParameter): Name = "Temperature Range"; Value = "-55 to 105 degC"; VariantName = "[No Variations]"
Added Component: Designator=R15(RESC1206(3216)_M)
Add component. Clean all parameters for all variants
Add component (AddParameter): Name = "Case-EIA"; Value = "1206"; VariantName = "[No Variations]"
Add component (AddParameter): Name = "Case-Metric"; Value = "3216"; VariantName = "[No Variations]"
Add component (AddParameter): Name = "Power"; Value = "0.25 W"; VariantName = "[No Variations]"
Add component (AddParameter): Name = "Technology"; Value = "SMT"; VariantName = "[No Variations]"
Add component (AddParameter): Name = "Tolerance"; Value = "1 %"; VariantName = "[No Variations]"
Add component (AddParameter): Name = "Value"; Value = "5100000.00 Ohm"; VariantName = "[No Variations]"
Added Pin To Net: NetName=NetC14_2 Pin=P1-1
Added Pin To Net: NetName=VFB Pin=P1-3
Added Pin To Net: NetName=GND Pin=P1-5
Added Pin To Net: NetName=GND Pin=R15-1
Added Pin To Net: NetName=NetP1_2 Pin=P1-2
Added Pin To Net: NetName=NetP1_2 Pin=P1-4
Added Pin To Net: NetName=NetP1_2 Pin=P1-6
Added Pin To Net: NetName=NetP1_2 Pin=R15-2
Added Pin To Net: NetName=NetP1_2 Pin=U1-4
Added Net: Name=NetP1_2
Added Member To Class: ClassName=U_DC-DC Converter Member=Component P1 TMMH-103-06-T-D
Added Member To Class: ClassName=U_DC-DC Converter Member=Component R15 5M1 1% 1206(3216)
