Removed Member From Class: ClassName=U_Controller Member=C19
Removed Member From Class: ClassName=U_Controller Member=C21
Removed Member From Class: ClassName=Serial Power Supply - Main Member=J5
Removed Member From Class: ClassName=U_DC-DC Converter Member=R19
Removed Member From Class: ClassName=U_Controller Member=R27
Removed Member From Class: ClassName=U_DC-DC Converter Member=R27
Removed Member From Class: ClassName=U_Controller Member=U2
Added Component: Designator=J1(PCB-1keg917tfggg2k36z9zw-1)
Add component. Clean all parameters for all variants
Added Component: Designator=J2(PCB-1keg917tfggg2k36z9zw-1)
Add component. Clean all parameters for all variants
Added Component: Designator=J3(PCB-1keg917tfggg2k36z9zw-1)
Add component. Clean all parameters for all variants
Added Component: Designator=J4(PCB-1keg917tfggg2k36z9zw-1)
Add component. Clean all parameters for all variants
Added Component: Designator=MH1(MTG_M2_PV)
Add component. Clean all parameters for all variants
Added Component: Designator=MH2(MTG_M2_PV)
Add component. Clean all parameters for all variants
Added Component: Designator=MH3(MTG_M2_PV)
Add component. Clean all parameters for all variants
Added Component: Designator=MH4(MTG_M2_PV)
Add component. Clean all parameters for all variants
Added Pin To Net: NetName=+20 Pin=J1-1
Added Pin To Net: NetName=+20 Pin=J1-1
Added Pin To Net: NetName=GND Pin=J2-1
Added Pin To Net: NetName=GND Pin=J2-1
Added Pin To Net: NetName=Return Pin=J3-1
Added Pin To Net: NetName=Return Pin=J3-1
Added Pin To Net: NetName=VOut Pin=J4-1
Added Pin To Net: NetName=VOut Pin=J4-1
Added Member To Class: ClassName=Serial Power Supply - Main Member=Component C19 UCZ1J470MCS1GS
Added Member To Class: ClassName=Serial Power Supply - Main Member=Component C20 CAP 2.2uF 100V 1812(4532)
Added Member To Class: ClassName=U_Controller Member=Component C25 CAP 1uF 25V 1206(3216)
Added Member To Class: ClassName=U_Controller Member=Component C27 CAP 1uF 16V 0402(1005)
Added Member To Class: ClassName=Serial Power Supply - Main Member=Component J1 24.243.1
Added Member To Class: ClassName=Serial Power Supply - Main Member=Component J2 24.243.2
Added Member To Class: ClassName=Serial Power Supply - Main Member=Component J3 24.243.2
Added Member To Class: ClassName=Serial Power Supply - Main Member=Component J4 24.243.2
Added Member To Class: ClassName=U_Mechanical Member=Component MH1 Mounting-Hole-Screw
Added Member To Class: ClassName=U_Mechanical Member=Component MH2 Mounting-Hole-Screw
Added Member To Class: ClassName=U_Mechanical Member=Component MH3 Mounting-Hole-Screw
Added Member To Class: ClassName=U_Mechanical Member=Component MH4 Mounting-Hole-Screw
Added Member To Class: ClassName=U_DC-DC Converter Member=Component R13 150K 1% 1206(3216)
Added Member To Class: ClassName=U_DC-DC Converter Member=Component R16 10K 1% 1206(3216)
Added Member To Class: ClassName=U_Controller Member=Component R20 5K1 1% 1206(3216)
Added Member To Class: ClassName=U_Controller Member=Component R21 5K1 1% 1206(3216)
Added Member To Class: ClassName=U_Controller Member=Component R22 22R 1% 0402(1005)
Added Member To Class: ClassName=U_Current Regulator Member=Component R25 Jumper 1206(3216)
Added Member To Class: ClassName=U_Current Regulator Member=Component R29 90K9 1% 1206(3216)
Added Member To Class: ClassName=U_Current Regulator Member=Component R30 10K 1% 1206(3216)
Added Member To Class: ClassName=U_Controller Member=Component U5 EMI2121MTTAG
