Removed Pin From Net: NetName=GND Pin=R17-1
Removed Pin From Net: NetName=+5 Pin=R23-1
Removed Pin From Net: NetName=RESET Pin=R23-2
Removed Member From Class: ClassName=U_DC-DC Converter Member=R?
Change Component Footprint: Designator=C16 Old Footprint=AVX-TAJ-B-2_M New Footprint=AVX-TAJ-B-2_L
Change Component Footprint: Designator=C17 Old Footprint=AVX-TAJ-B-2_M New Footprint=AVX-TAJ-B-2_L
Change Component Footprint: Designator=C27 Old Footprint=CAPC0402(1005)60_L New Footprint=CAPC1206(3216)190_L
Change Component Footprint: Designator=C28 Old Footprint=CAPC0402(1005)60_L New Footprint=CAPC1206(3216)190_L
Change Component Footprint: Designator=C29 Old Footprint=CAPC0402(1005)60_L New Footprint=CAPC1206(3216)190_L
Change Component Footprint: Designator=C32 Old Footprint=CAPC0402(1005)60_L New Footprint=CAPC1206(3216)190_L
Change Component Footprint: Designator=C4 Old Footprint=CAPC1206(3216)100_N New Footprint=CAPC1206(3216)100_L
Change Component Footprint: Designator=C21 Old Footprint=CAPC1206(3216)100_N New Footprint=CAPC1206(3216)100_L
Change Component Footprint: Designator=C1 Old Footprint=CAPC1206(3216)130_N New Footprint=CAPC1206(3216)130_L
Change Component Footprint: Designator=C7 Old Footprint=CAPC1206(3216)130_N New Footprint=CAPC1206(3216)130_L
Change Component Footprint: Designator=C3 Old Footprint=CAPC1206(3216)170_N New Footprint=CAPC1206(3216)170_L
Change Component Footprint: Designator=C6 Old Footprint=CAPC1206(3216)170_N New Footprint=CAPC1206(3216)170_L
Change Component Footprint: Designator=C12 Old Footprint=CAPC1206(3216)170_N New Footprint=CAPC1206(3216)170_L
Change Component Footprint: Designator=C5 Old Footprint=CAPC1206(3216)190_N New Footprint=CAPC1206(3216)190_L
Change Component Footprint: Designator=C18 Old Footprint=CAPC1206(3216)190_N New Footprint=CAPC1206(3216)190_L
Change Component Footprint: Designator=C10 Old Footprint=CAPC1812(4532)280_N New Footprint=CAPC1812(4532)280_L
Change Component Footprint: Designator=C11 Old Footprint=CAPC1812(4532)280_N New Footprint=CAPC1812(4532)280_L
Change Component Footprint: Designator=C20 Old Footprint=CAPC1812(4532)280_N New Footprint=CAPC1812(4532)280_L
Change Component Footprint: Designator=R17 Old Footprint=RESC0402(1005)_L New Footprint=RESC1206(3216)_L
Change Component Footprint: Designator=R23 Old Footprint=RESC0402(1005)_L New Footprint=RESC1206(3216)_L
Change Component Footprint: Designator=R13 Old Footprint=RESC0402(1005)_N New Footprint=RESC1206(3216)_L
Change Component Footprint: Designator=R1 Old Footprint=RESC1206(3216)_N New Footprint=RESC1206(3216)_L
Change Component Footprint: Designator=R2 Old Footprint=RESC1206(3216)_N New Footprint=RESC1206(3216)_L
Change Component Footprint: Designator=R3 Old Footprint=RESC1206(3216)_N New Footprint=RESC1206(3216)_L
Change Component Footprint: Designator=R4 Old Footprint=RESC1206(3216)_N New Footprint=RESC1206(3216)_L
Change Component Footprint: Designator=R5 Old Footprint=RESC1206(3216)_N New Footprint=RESC1206(3216)_L
Change Component Footprint: Designator=R6 Old Footprint=RESC1206(3216)_N New Footprint=RESC1206(3216)_L
Change Component Footprint: Designator=R7 Old Footprint=RESC1206(3216)_N New Footprint=RESC1206(3216)_L
Change Component Footprint: Designator=R8 Old Footprint=RESC1206(3216)_N New Footprint=RESC1206(3216)_L
Change Component Footprint: Designator=R9 Old Footprint=RESC1206(3216)_N New Footprint=RESC1206(3216)_L
Change Component Footprint: Designator=R10 Old Footprint=RESC1206(3216)_N New Footprint=RESC1206(3216)_L
Change Component Footprint: Designator=R12 Old Footprint=RESC1206(3216)_N New Footprint=RESC1206(3216)_L
Change Component Footprint: Designator=R14 Old Footprint=RESC1206(3216)_N New Footprint=RESC1206(3216)_L
Change Component Footprint: Designator=R15 Old Footprint=RESC1206(3216)_N New Footprint=RESC1206(3216)_L
Change Component Footprint: Designator=R18 Old Footprint=RESC1206(3216)_N New Footprint=RESC1206(3216)_L
Change Component Footprint: Designator=R20 Old Footprint=RESC1206(3216)_N New Footprint=RESC1206(3216)_L
Change Component Footprint: Designator=R28 Old Footprint=RESC1206(3216)_N New Footprint=RESC1206(3216)_L
Change Component Footprint: Designator=R30 Old Footprint=RESC1206(3216)_N New Footprint=RESC1206(3216)_L
Change Component Footprint: Designator=R32 Old Footprint=RESC1206(3216)_N New Footprint=RESC1206(3216)_L
Change Component Footprint: Designator=R27 Old Footprint=RESC2512(6432)_M New Footprint=RESC2512(6432)_L
Change Component Comment : Designator=R13 Old Comment=10K 5% 0402(1005) New Comment=10K 1% 1206(3216)
Change Component Comment : Designator=R17 Old Comment=10K 5% 0402(1005) New Comment=10K 1% 1206(3216)
Change Component Comment : Designator=R23 Old Comment=10K 5% 0402(1005) New Comment=10K 1% 1206(3216)
Change Component Comment : Designator=C27 Old Comment=CAP 1uF 16V 0402(1005) New Comment=CAP 1uF 25V 1206(3216)
Change Component Comment : Designator=C28 Old Comment=CAP 1uF 16V 0402(1005) New Comment=CAP 1uF 25V 1206(3216)
Change Component Comment : Designator=C29 Old Comment=CAP 1uF 16V 0402(1005) New Comment=CAP 1uF 25V 1206(3216)
Change Component Comment : Designator=C32 Old Comment=CAP 1uF 16V 0402(1005) New Comment=CAP 1uF 25V 1206(3216)
Change Component Designator: OldDesignator=R? NewDesignator=R33
Change component parameters: Designator = "R13"; Footprint = "RESC1206(3216)_L"; UniqueID = "\EMOJIQIW\XJFKDAHR"
Change component parameters. Clean all parameters for all variants
Change component parameters (AddParameter): Name = "Case-EIA"; Value = "1206"; VariantName = "[No Variations]"
Change component parameters (AddParameter): Name = "Case-Metric"; Value = "3216"; VariantName = "[No Variations]"
Change component parameters (AddParameter): Name = "Power"; Value = "0.25 W"; VariantName = "[No Variations]"
Change component parameters (AddParameter): Name = "Technology"; Value = "SMT"; VariantName = "[No Variations]"
Change component parameters (AddParameter): Name = "Tolerance"; Value = "1 %"; VariantName = "[No Variations]"
Change component parameters (AddParameter): Name = "Value"; Value = "10000.00 Ohm"; VariantName = "[No Variations]"
Change component parameters: Designator = "R17"; Footprint = "RESC1206(3216)_L"; UniqueID = "\EMOJIQIW\PBNTSPQN"
Change component parameters. Clean all parameters for all variants
Change component parameters (AddParameter): Name = "Case-EIA"; Value = "1206"; VariantName = "[No Variations]"
Change component parameters (AddParameter): Name = "Case-Metric"; Value = "3216"; VariantName = "[No Variations]"
Change component parameters (AddParameter): Name = "Power"; Value = "0.25 W"; VariantName = "[No Variations]"
Change component parameters (AddParameter): Name = "Technology"; Value = "SMT"; VariantName = "[No Variations]"
Change component parameters (AddParameter): Name = "Tolerance"; Value = "1 %"; VariantName = "[No Variations]"
Change component parameters (AddParameter): Name = "Value"; Value = "10000.00 Ohm"; VariantName = "[No Variations]"
Change component parameters: Designator = "R23"; Footprint = "RESC1206(3216)_L"; UniqueID = "\EMOJIQIW\OKFHIOHA"
Change component parameters. Clean all parameters for all variants
Change component parameters (AddParameter): Name = "Case-EIA"; Value = "1206"; VariantName = "[No Variations]"
Change component parameters (AddParameter): Name = "Case-Metric"; Value = "3216"; VariantName = "[No Variations]"
Change component parameters (AddParameter): Name = "Power"; Value = "0.25 W"; VariantName = "[No Variations]"
Change component parameters (AddParameter): Name = "Technology"; Value = "SMT"; VariantName = "[No Variations]"
Change component parameters (AddParameter): Name = "Tolerance"; Value = "1 %"; VariantName = "[No Variations]"
Change component parameters (AddParameter): Name = "Value"; Value = "10000.00 Ohm"; VariantName = "[No Variations]"
Change component parameters: Designator = "C27"; Footprint = "CAPC1206(3216)190_L"; UniqueID = "\EMOJIQIW\GLPTSDRP"
Change component parameters. Clean all parameters for all variants
Change component parameters (AddParameter): Name = "Case-EIA"; Value = "1206"; VariantName = "[No Variations]"
Change component parameters (AddParameter): Name = "Case-Metric"; Value = "3216"; VariantName = "[No Variations]"
Change component parameters (AddParameter): Name = "Max Thickness"; Value = "1.9 mm"; VariantName = "[No Variations]"
Change component parameters (AddParameter): Name = "Rated Voltage"; Value = "25 V"; VariantName = "[No Variations]"
Change component parameters (AddParameter): Name = "Technology"; Value = "SMT"; VariantName = "[No Variations]"
Change component parameters (AddParameter): Name = "Tolerance"; Value = "±5%"; VariantName = "[No Variations]"
Change component parameters (AddParameter): Name = "Value"; Value = "1uF"; VariantName = "[No Variations]"
Change component parameters: Designator = "C28"; Footprint = "CAPC1206(3216)190_L"; UniqueID = "\EMOJIQIW\LSWULLWF"
Change component parameters. Clean all parameters for all variants
Change component parameters (AddParameter): Name = "Case-EIA"; Value = "1206"; VariantName = "[No Variations]"
Change component parameters (AddParameter): Name = "Case-Metric"; Value = "3216"; VariantName = "[No Variations]"
Change component parameters (AddParameter): Name = "Max Thickness"; Value = "1.9 mm"; VariantName = "[No Variations]"
Change component parameters (AddParameter): Name = "Rated Voltage"; Value = "25 V"; VariantName = "[No Variations]"
Change component parameters (AddParameter): Name = "Technology"; Value = "SMT"; VariantName = "[No Variations]"
Change component parameters (AddParameter): Name = "Tolerance"; Value = "±5%"; VariantName = "[No Variations]"
Change component parameters (AddParameter): Name = "Value"; Value = "1uF"; VariantName = "[No Variations]"
Change component parameters: Designator = "C29"; Footprint = "CAPC1206(3216)190_L"; UniqueID = "\EMOJIQIW\UILQPNBE"
Change component parameters. Clean all parameters for all variants
Change component parameters (AddParameter): Name = "Case-EIA"; Value = "1206"; VariantName = "[No Variations]"
Change component parameters (AddParameter): Name = "Case-Metric"; Value = "3216"; VariantName = "[No Variations]"
Change component parameters (AddParameter): Name = "Max Thickness"; Value = "1.9 mm"; VariantName = "[No Variations]"
Change component parameters (AddParameter): Name = "Rated Voltage"; Value = "25 V"; VariantName = "[No Variations]"
Change component parameters (AddParameter): Name = "Technology"; Value = "SMT"; VariantName = "[No Variations]"
Change component parameters (AddParameter): Name = "Tolerance"; Value = "±5%"; VariantName = "[No Variations]"
Change component parameters (AddParameter): Name = "Value"; Value = "1uF"; VariantName = "[No Variations]"
Change component parameters: Designator = "C32"; Footprint = "CAPC1206(3216)190_L"; UniqueID = "\EMOJIQIW\DWTQSDSC"
Change component parameters. Clean all parameters for all variants
Change component parameters (AddParameter): Name = "Case-EIA"; Value = "1206"; VariantName = "[No Variations]"
Change component parameters (AddParameter): Name = "Case-Metric"; Value = "3216"; VariantName = "[No Variations]"
Change component parameters (AddParameter): Name = "Max Thickness"; Value = "1.9 mm"; VariantName = "[No Variations]"
Change component parameters (AddParameter): Name = "Rated Voltage"; Value = "25 V"; VariantName = "[No Variations]"
Change component parameters (AddParameter): Name = "Technology"; Value = "SMT"; VariantName = "[No Variations]"
Change component parameters (AddParameter): Name = "Tolerance"; Value = "±5%"; VariantName = "[No Variations]"
Change component parameters (AddParameter): Name = "Value"; Value = "1uF"; VariantName = "[No Variations]"
Added Pin To Net: NetName=GND Pin=R17-2
Added Pin To Net: NetName=RESET Pin=R23-1
Added Pin To Net: NetName=+5 Pin=R23-2
Added Pin To Net: NetName=NetR17_1 Pin=R17-1
Added Pin To Net: NetName=NetR17_1 Pin=U4-33
Added Net: Name=NetR17_1
